<?xml version="1.0" encoding="UTF-8"?>
<!-- Generated by org.testng.reporters.JUnitXMLReporter -->
<testsuite ignored="0" hostname="DESKTOP-7I4U2KQ" failures="0" tests="4" name="Default test(failed)" time="18.939" errors="0" timestamp="2022-04-13T12:03:24 IST">
  <testcase classname="comSauceDemoTestClasses.SauceDemoBaseClass" name="@BeforeMethod SetUpMethod" time="1.208">
    <failure type="org.openqa.selenium.WebDriverException" message="unknown error: cannot determine loading status
from disconnected: unable to send message to renderer
  (Session info: chrome=100.0.4896.75)
Build info: version: &amp;apos;4.1.2&amp;apos;, revision: &amp;apos;9a5a329c5a&amp;apos;
System info: host: &amp;apos;DESKTOP-7I4U2KQ&amp;apos;, ip: &amp;apos;192.168.71.61&amp;apos;, os.name: &amp;apos;Windows 10&amp;apos;, os.arch: &amp;apos;amd64&amp;apos;, os.version: &amp;apos;10.0&amp;apos;, java.version: &amp;apos;17.0.2&amp;apos;
Driver info: org.openqa.selenium.chrome.ChromeDriver
Command: [e22b0dcd1a7d2c62ad2e490cd1ce7b4f, get {url=https://www.saucedemo.com/}]
Capabilities {acceptInsecureCerts: false, browserName: chrome, browserVersion: 100.0.4896.75, chrome: {chromedriverVersion: 99.0.4844.51 (d537ec02474b5..., userDataDir: C:\Users\Smart\AppData\Loca...}, goog:chromeOptions: {debuggerAddress: localhost:49165}, javascriptEnabled: true, networkConnectionEnabled: false, pageLoadStrategy: normal, platform: WINDOWS, platformName: WINDOWS, proxy: Proxy(), se:cdp: ws://localhost:49165/devtoo..., se:cdpVersion: 100.0.4896.75, setWindowRect: true, strictFileInteractability: false, timeouts: {implicit: 0, pageLoad: 300000, script: 30000}, unhandledPromptBehavior: dismiss and notify, webauthn:extension:credBlob: true, webauthn:extension:largeBlob: true, webauthn:virtualAuthenticators: true}
Session ID: e22b0dcd1a7d2c62ad2e490cd1ce7b4f">
      <![CDATA[org.openqa.selenium.WebDriverException: unknown error: cannot determine loading status
from disconnected: unable to send message to renderer
  (Session info: chrome=100.0.4896.75)
Build info: version: '4.1.2', revision: '9a5a329c5a'
System info: host: 'DESKTOP-7I4U2KQ', ip: '192.168.71.61', os.name: 'Windows 10', os.arch: 'amd64', os.version: '10.0', java.version: '17.0.2'
Driver info: org.openqa.selenium.chrome.ChromeDriver
Command: [e22b0dcd1a7d2c62ad2e490cd1ce7b4f, get {url=https://www.saucedemo.com/}]
Capabilities {acceptInsecureCerts: false, browserName: chrome, browserVersion: 100.0.4896.75, chrome: {chromedriverVersion: 99.0.4844.51 (d537ec02474b5..., userDataDir: C:\Users\Smart\AppData\Loca...}, goog:chromeOptions: {debuggerAddress: localhost:49165}, javascriptEnabled: true, networkConnectionEnabled: false, pageLoadStrategy: normal, platform: WINDOWS, platformName: WINDOWS, proxy: Proxy(), se:cdp: ws://localhost:49165/devtoo..., se:cdpVersion: 100.0.4896.75, setWindowRect: true, strictFileInteractability: false, timeouts: {implicit: 0, pageLoad: 300000, script: 30000}, unhandledPromptBehavior: dismiss and notify, webauthn:extension:credBlob: true, webauthn:extension:largeBlob: true, webauthn:virtualAuthenticators: true}
Session ID: e22b0dcd1a7d2c62ad2e490cd1ce7b4f
at org.openqa.selenium.remote.codec.w3c.W3CHttpResponseCodec.createException(W3CHttpResponseCodec.java:200)
at org.openqa.selenium.remote.codec.w3c.W3CHttpResponseCodec.decode(W3CHttpResponseCodec.java:133)
at org.openqa.selenium.remote.codec.w3c.W3CHttpResponseCodec.decode(W3CHttpResponseCodec.java:53)
at org.openqa.selenium.remote.HttpCommandExecutor.execute(HttpCommandExecutor.java:184)
at org.openqa.selenium.remote.service.DriverCommandExecutor.invokeExecute(DriverCommandExecutor.java:167)
at org.openqa.selenium.remote.service.DriverCommandExecutor.execute(DriverCommandExecutor.java:142)
at org.openqa.selenium.remote.RemoteWebDriver.execute(RemoteWebDriver.java:558)
at org.openqa.selenium.remote.RemoteWebDriver.get(RemoteWebDriver.java:327)
at comSauceDemoTestClasses.SauceDemoBaseClass.SetUpMethod(SauceDemoBaseClass.java:56)
at java.base/java.util.ArrayList.forEach(ArrayList.java:1511)
... Removed 36 stack frames]]>
    </failure>
  </testcase> <!-- @BeforeMethod SetUpMethod -->
  <testcase classname="comSauceDemoTestClasses.SauceDemoBaseClass" name="@AfterMethod tearDownMethod" time="-1.649831604042E9">
    <skipped/>
  </testcase> <!-- @AfterMethod tearDownMethod -->
  <testcase classname="comSauceDemoTestClasses.SauceDemoBaseClass" name="@BeforeMethod SetUpMethod" time="-1.649831604053E9">
    <skipped/>
  </testcase> <!-- @BeforeMethod SetUpMethod -->
  <testcase classname="comSauceDemoTestClasses.SauceDemoBaseClass" name="@AfterMethod tearDownMethod" time="-1.649831604148E9">
    <skipped/>
  </testcase> <!-- @AfterMethod tearDownMethod -->
  <testcase classname="comSauceDemoTestClasses.SauceDemoBaseClass" name="@BeforeMethod SetUpMethod" time="-1.649831604155E9">
    <skipped/>
  </testcase> <!-- @BeforeMethod SetUpMethod -->
  <testcase classname="comSauceDemoTestClasses.SauceDemoBaseClass" name="@AfterMethod tearDownMethod" time="-1.649831604182E9">
    <skipped/>
  </testcase> <!-- @AfterMethod tearDownMethod -->
  <testcase classname="comSauceDemoTestClasses.SauceDemoBaseClass" name="@AfterClass quit" time="-1.649831604185E9">
    <skipped/>
  </testcase> <!-- @AfterClass quit -->
  <testcase classname="comSauceDemoTestClasses.BaseClass2" name="Verifylogin" time="0.051"/>
  <testcase classname="comSauceDemoTestClasses.BaseClass2" name="Addtocart" time="0.0">
    <skipped/>
  </testcase> <!-- Addtocart -->
  <testcase classname="comSauceDemoTestClasses.BaseClass2" name="information" time="0.0">
    <skipped/>
  </testcase> <!-- information -->
  <testcase classname="comSauceDemoTestClasses.BaseClass2" name="checkout" time="0.0">
    <skipped/>
  </testcase> <!-- checkout -->
</testsuite> <!-- Default test(failed) -->
