<?xml version="1.0" encoding="UTF-8"?>
<!-- Generated by org.testng.reporters.JUnitXMLReporter -->
<testsuite ignored="0" hostname="DESKTOP-7I4U2KQ" failures="0" tests="4" name="HpTest" time="0.134" errors="0" timestamp="2022-04-12T11:37:37 IST">
  <testcase classname="comSauceDemoTestClasses.SauceDemoBaseClass" name="@BeforeClass BrowserOpen" time="-1.649743657542E9">
    <failure type="org.testng.TestNGException" message="
Can inject only one of &amp;lt;ITestContext, XmlTest&amp;gt; into a @BeforeClass annotated BrowserOpen.
For more information on native dependency injection please refer to https://testng.org/doc/documentation-main.html#native-dependency-injection">
      <![CDATA[org.testng.TestNGException: 
Can inject only one of <ITestContext, XmlTest> into a @BeforeClass annotated BrowserOpen.
For more information on native dependency injection please refer to https://testng.org/doc/documentation-main.html#native-dependency-injection
at java.base/java.util.concurrent.ThreadPoolExecutor.runWorker(ThreadPoolExecutor.java:1136)
at java.base/java.util.concurrent.ThreadPoolExecutor$Worker.run(ThreadPoolExecutor.java:635)
at java.base/java.lang.Thread.run(Thread.java:833)
... Removed 7 stack frames]]>
    </failure>
  </testcase> <!-- @BeforeClass BrowserOpen -->
  <testcase classname="comSauceDemoTestClasses.SauceDemoBaseClass" name="@BeforeClass BrowserOpen" time="-1.649743657542E9">
    <failure type="org.testng.TestNGException" message="
Can inject only one of &amp;lt;ITestContext, XmlTest&amp;gt; into a @BeforeClass annotated BrowserOpen.
For more information on native dependency injection please refer to https://testng.org/doc/documentation-main.html#native-dependency-injection">
      <![CDATA[org.testng.TestNGException: 
Can inject only one of <ITestContext, XmlTest> into a @BeforeClass annotated BrowserOpen.
For more information on native dependency injection please refer to https://testng.org/doc/documentation-main.html#native-dependency-injection
at java.base/java.util.concurrent.ThreadPoolExecutor.runWorker(ThreadPoolExecutor.java:1136)
at java.base/java.util.concurrent.ThreadPoolExecutor$Worker.run(ThreadPoolExecutor.java:635)
at java.base/java.lang.Thread.run(Thread.java:833)
... Removed 7 stack frames]]>
    </failure>
  </testcase> <!-- @BeforeClass BrowserOpen -->
  <testcase classname="comSauceDemoTestClasses.SauceDemoBaseClass" name="@BeforeClass BrowserOpen" time="-1.649743657542E9">
    <failure type="org.testng.TestNGException" message="
Can inject only one of &amp;lt;ITestContext, XmlTest&amp;gt; into a @BeforeClass annotated BrowserOpen.
For more information on native dependency injection please refer to https://testng.org/doc/documentation-main.html#native-dependency-injection">
      <![CDATA[org.testng.TestNGException: 
Can inject only one of <ITestContext, XmlTest> into a @BeforeClass annotated BrowserOpen.
For more information on native dependency injection please refer to https://testng.org/doc/documentation-main.html#native-dependency-injection
at java.base/java.util.concurrent.ThreadPoolExecutor.runWorker(ThreadPoolExecutor.java:1136)
at java.base/java.util.concurrent.ThreadPoolExecutor$Worker.run(ThreadPoolExecutor.java:635)
at java.base/java.lang.Thread.run(Thread.java:833)
... Removed 7 stack frames]]>
    </failure>
  </testcase> <!-- @BeforeClass BrowserOpen -->
  <testcase classname="comSauceDemoTestClasses.SauceDemoBaseClass" name="@BeforeClass BrowserOpen" time="-1.649743657542E9">
    <failure type="org.testng.TestNGException" message="
Can inject only one of &amp;lt;ITestContext, XmlTest&amp;gt; into a @BeforeClass annotated BrowserOpen.
For more information on native dependency injection please refer to https://testng.org/doc/documentation-main.html#native-dependency-injection">
      <![CDATA[org.testng.TestNGException: 
Can inject only one of <ITestContext, XmlTest> into a @BeforeClass annotated BrowserOpen.
For more information on native dependency injection please refer to https://testng.org/doc/documentation-main.html#native-dependency-injection
at java.base/java.util.concurrent.ThreadPoolExecutor.runWorker(ThreadPoolExecutor.java:1136)
at java.base/java.util.concurrent.ThreadPoolExecutor$Worker.run(ThreadPoolExecutor.java:635)
at java.base/java.lang.Thread.run(Thread.java:833)
... Removed 7 stack frames]]>
    </failure>
  </testcase> <!-- @BeforeClass BrowserOpen -->
  <testcase classname="comSauceDemoTestClasses.SauceDemoBaseClass" name="@BeforeMethod SetUpMethod" time="-1.649743657605E9">
    <skipped/>
  </testcase> <!-- @BeforeMethod SetUpMethod -->
  <testcase classname="comSauceDemoTestClasses.SauceDemoBaseClass" name="@BeforeMethod SetUpMethod" time="-1.649743657604E9">
    <skipped/>
  </testcase> <!-- @BeforeMethod SetUpMethod -->
  <testcase classname="comSauceDemoTestClasses.SauceDemoBaseClass" name="@BeforeMethod SetUpMethod" time="-1.649743657604E9">
    <skipped/>
  </testcase> <!-- @BeforeMethod SetUpMethod -->
  <testcase classname="comSauceDemoTestClasses.SauceDemoBaseClass" name="@BeforeMethod SetUpMethod" time="-1.649743657604E9">
    <skipped/>
  </testcase> <!-- @BeforeMethod SetUpMethod -->
  <testcase classname="comSauceDemoTestClasses.SauceDemoBaseClass" name="@AfterMethod tearDownMethod" time="-1.649743657619E9">
    <skipped/>
  </testcase> <!-- @AfterMethod tearDownMethod -->
  <testcase classname="comSauceDemoTestClasses.SauceDemoBaseClass" name="@AfterMethod tearDownMethod" time="-1.64974365762E9">
    <skipped/>
  </testcase> <!-- @AfterMethod tearDownMethod -->
  <testcase classname="comSauceDemoTestClasses.SauceDemoBaseClass" name="@AfterClass quit" time="-1.649743657624E9">
    <skipped/>
  </testcase> <!-- @AfterClass quit -->
  <testcase classname="comSauceDemoTestClasses.SauceDemoBaseClass" name="@AfterClass quit" time="-1.649743657624E9">
    <skipped/>
  </testcase> <!-- @AfterClass quit -->
  <testcase classname="comSauceDemoTestClasses.SauceDemoBaseClass" name="@AfterMethod tearDownMethod" time="-1.649743657627E9">
    <skipped/>
  </testcase> <!-- @AfterMethod tearDownMethod -->
  <testcase classname="comSauceDemoTestClasses.SauceDemoBaseClass" name="@AfterClass quit" time="-1.649743657628E9">
    <skipped/>
  </testcase> <!-- @AfterClass quit -->
  <testcase classname="comSauceDemoTestClasses.SauceDemoBaseClass" name="@AfterMethod tearDownMethod" time="-1.649743657633E9">
    <skipped/>
  </testcase> <!-- @AfterMethod tearDownMethod -->
  <testcase classname="comSauceDemoTestClasses.SauceDemoBaseClass" name="@AfterClass quit" time="-1.649743657635E9">
    <skipped/>
  </testcase> <!-- @AfterClass quit -->
  <testcase classname="comSauceDemoTestClasses.TCO05CheckoutFunctinality" name="checkout" time="0.0">
    <skipped/>
  </testcase> <!-- checkout -->
  <testcase classname="comSauceDemoTestClasses.TC003AddToCartFuctinality" name="Addtocart" time="0.0">
    <skipped/>
  </testcase> <!-- Addtocart -->
  <testcase classname="comSauceDemoTestClasses.TC004YourInformationFunctinality" name="information" time="0.0">
    <skipped/>
  </testcase> <!-- information -->
  <testcase classname="comSauceDemoTestClasses.TC001LoginFunctionality" name="Verifylogin" time="0.0">
    <skipped/>
  </testcase> <!-- Verifylogin -->
</testsuite> <!-- HpTest -->
