<html>
<head>
<title>TestNG:  Test</title>
<link href="../testng.css" rel="stylesheet" type="text/css" />
<link href="../my-testng.css" rel="stylesheet" type="text/css" />

<style type="text/css">
.log { display: none;} 
.stack-trace { display: none;} 
</style>
<script type="text/javascript">
<!--
function flip(e) {
  current = e.style.display;
  if (current == 'block') {
    e.style.display = 'none';
    return 0;
  }
  else {
    e.style.display = 'block';
    return 1;
  }
}

function toggleBox(szDivId, elem, msg1, msg2)
{
  var res = -1;  if (document.getElementById) {
    res = flip(document.getElementById(szDivId));
  }
  else if (document.all) {
    // this is the way old msie versions work
    res = flip(document.all[szDivId]);
  }
  if(elem) {
    if(res == 0) elem.innerHTML = msg1; else elem.innerHTML = msg2;
  }

}

function toggleAllBoxes() {
  if (document.getElementsByTagName) {
    d = document.getElementsByTagName('div');
    for (i = 0; i < d.length; i++) {
      if (d[i].className == 'log') {
        flip(d[i]);
      }
    }
  }
}

// -->
</script>

</head>
<body>
<h2 align='center'>Test</h2><table border='1' align="center">
<tr>
<td>Tests passed/Failed/Skipped:</td><td>0/0/5</td>
</tr><tr>
<td>Started on:</td><td>Fri May 06 13:21:23 IST 2022</td>
</tr>
<tr><td>Total time:</td><td>0 seconds (202 ms)</td>
</tr><tr>
<td>Included groups:</td><td></td>
</tr><tr>
<td>Excluded groups:</td><td></td>
</tr>
</table><p/>
<small><i>(Hover the method name to see the test class name)</i></small><p/>
<table width='100%' border='1' class='invocation-failed'>
<tr><td colspan='4' align='center'><b>FAILED CONFIGURATIONS</b></td></tr>
<tr><td><b>Test method</b></td>
<td width="30%"><b>Exception</b></td>
<td width="10%"><b>Time (seconds)</b></td>
<td><b>Instance</b></td>
</tr>
<tr>
<td title='comSauceDemoTestClasses.TC001LoginFunctionality.BrowserOpen()'><b>BrowserOpen</b><br>Test class: comSauceDemoTestClasses.TC001LoginFunctionality</td>
<td><div><pre>org.testng.TestNGException: 
Parameter &apos;browserName&apos; is required by BeforeClass on method BrowserOpen but has not been marked @Optional or defined
in C:\Users\Smart\eclipse-workspace\AutomationProjectSaucesDemo\testng1.xml
	at java.base/java.util.concurrent.ThreadPoolExecutor.runWorker(ThreadPoolExecutor.java:1136)
	at java.base/java.util.concurrent.ThreadPoolExecutor$Worker.run(ThreadPoolExecutor.java:635)
	at java.base/java.lang.Thread.run(Thread.java:833)
... Removed 7 stack frames</pre></div><a href='#' onClick='toggleBox("stack-trace544739757", this, "Click to show all stack frames", "Click to hide stack frames")'>Click to show all stack frames</a>
<div class='stack-trace' id='stack-trace544739757'><pre>org.testng.TestNGException: 
Parameter &apos;browserName&apos; is required by BeforeClass on method BrowserOpen but has not been marked @Optional or defined
in C:\Users\Smart\eclipse-workspace\AutomationProjectSaucesDemo\testng1.xml
	at org.testng.internal.Parameters.createParams(Parameters.java:270)
	at org.testng.internal.Parameters.createParametersForMethod(Parameters.java:358)
	at org.testng.internal.Parameters.createParameters(Parameters.java:700)
	at org.testng.internal.Parameters.createConfigurationParameters(Parameters.java:168)
	at org.testng.internal.ConfigInvoker.invokeConfigurations(ConfigInvoker.java:302)
	at org.testng.internal.TestMethodWorker.invokeBeforeClassMethods(TestMethodWorker.java:176)
	at org.testng.internal.TestMethodWorker.run(TestMethodWorker.java:122)
	at java.base/java.util.concurrent.ThreadPoolExecutor.runWorker(ThreadPoolExecutor.java:1136)
	at java.base/java.util.concurrent.ThreadPoolExecutor$Worker.run(ThreadPoolExecutor.java:635)
	at java.base/java.lang.Thread.run(Thread.java:833)
</pre></div></td>
<td>-1651823483</td>
<td>comSauceDemoTestClasses.TC001LoginFunctionality@54a7079e</td></tr>
<tr>
<td title='comSauceDemoTestClasses.TC004YourInformationFunctinality.BrowserOpen()'><b>BrowserOpen</b><br>Test class: comSauceDemoTestClasses.TC004YourInformationFunctinality</td>
<td><div><pre>org.testng.TestNGException: 
Parameter &apos;browserName&apos; is required by BeforeClass on method BrowserOpen but has not been marked @Optional or defined
in C:\Users\Smart\eclipse-workspace\AutomationProjectSaucesDemo\testng1.xml
	at java.base/java.util.concurrent.ThreadPoolExecutor.runWorker(ThreadPoolExecutor.java:1136)
	at java.base/java.util.concurrent.ThreadPoolExecutor$Worker.run(ThreadPoolExecutor.java:635)
	at java.base/java.lang.Thread.run(Thread.java:833)
... Removed 7 stack frames</pre></div><a href='#' onClick='toggleBox("stack-trace268875888", this, "Click to show all stack frames", "Click to hide stack frames")'>Click to show all stack frames</a>
<div class='stack-trace' id='stack-trace268875888'><pre>org.testng.TestNGException: 
Parameter &apos;browserName&apos; is required by BeforeClass on method BrowserOpen but has not been marked @Optional or defined
in C:\Users\Smart\eclipse-workspace\AutomationProjectSaucesDemo\testng1.xml
	at org.testng.internal.Parameters.createParams(Parameters.java:270)
	at org.testng.internal.Parameters.createParametersForMethod(Parameters.java:358)
	at org.testng.internal.Parameters.createParameters(Parameters.java:700)
	at org.testng.internal.Parameters.createConfigurationParameters(Parameters.java:168)
	at org.testng.internal.ConfigInvoker.invokeConfigurations(ConfigInvoker.java:302)
	at org.testng.internal.TestMethodWorker.invokeBeforeClassMethods(TestMethodWorker.java:176)
	at org.testng.internal.TestMethodWorker.run(TestMethodWorker.java:122)
	at java.base/java.util.concurrent.ThreadPoolExecutor.runWorker(ThreadPoolExecutor.java:1136)
	at java.base/java.util.concurrent.ThreadPoolExecutor$Worker.run(ThreadPoolExecutor.java:635)
	at java.base/java.lang.Thread.run(Thread.java:833)
</pre></div></td>
<td>-1651823483</td>
<td>comSauceDemoTestClasses.TC004YourInformationFunctinality@4310d43</td></tr>
<tr>
<td title='comSauceDemoTestClasses.TC003AddToCartFuctinality.BrowserOpen()'><b>BrowserOpen</b><br>Test class: comSauceDemoTestClasses.TC003AddToCartFuctinality</td>
<td><div><pre>org.testng.TestNGException: 
Parameter &apos;browserName&apos; is required by BeforeClass on method BrowserOpen but has not been marked @Optional or defined
in C:\Users\Smart\eclipse-workspace\AutomationProjectSaucesDemo\testng1.xml
	at java.base/java.util.concurrent.ThreadPoolExecutor.runWorker(ThreadPoolExecutor.java:1136)
	at java.base/java.util.concurrent.ThreadPoolExecutor$Worker.run(ThreadPoolExecutor.java:635)
	at java.base/java.lang.Thread.run(Thread.java:833)
... Removed 7 stack frames</pre></div><a href='#' onClick='toggleBox("stack-trace910858864", this, "Click to show all stack frames", "Click to hide stack frames")'>Click to show all stack frames</a>
<div class='stack-trace' id='stack-trace910858864'><pre>org.testng.TestNGException: 
Parameter &apos;browserName&apos; is required by BeforeClass on method BrowserOpen but has not been marked @Optional or defined
in C:\Users\Smart\eclipse-workspace\AutomationProjectSaucesDemo\testng1.xml
	at org.testng.internal.Parameters.createParams(Parameters.java:270)
	at org.testng.internal.Parameters.createParametersForMethod(Parameters.java:358)
	at org.testng.internal.Parameters.createParameters(Parameters.java:700)
	at org.testng.internal.Parameters.createConfigurationParameters(Parameters.java:168)
	at org.testng.internal.ConfigInvoker.invokeConfigurations(ConfigInvoker.java:302)
	at org.testng.internal.TestMethodWorker.invokeBeforeClassMethods(TestMethodWorker.java:176)
	at org.testng.internal.TestMethodWorker.run(TestMethodWorker.java:122)
	at java.base/java.util.concurrent.ThreadPoolExecutor.runWorker(ThreadPoolExecutor.java:1136)
	at java.base/java.util.concurrent.ThreadPoolExecutor$Worker.run(ThreadPoolExecutor.java:635)
	at java.base/java.lang.Thread.run(Thread.java:833)
</pre></div></td>
<td>-1651823483</td>
<td>comSauceDemoTestClasses.TC003AddToCartFuctinality@26e356f0</td></tr>
<tr>
<td title='comSauceDemoTestClasses.TC002LogoutFunctinality.BrowserOpen()'><b>BrowserOpen</b><br>Test class: comSauceDemoTestClasses.TC002LogoutFunctinality</td>
<td><div><pre>org.testng.TestNGException: 
Parameter &apos;browserName&apos; is required by BeforeClass on method BrowserOpen but has not been marked @Optional or defined
in C:\Users\Smart\eclipse-workspace\AutomationProjectSaucesDemo\testng1.xml
	at java.base/java.util.concurrent.ThreadPoolExecutor.runWorker(ThreadPoolExecutor.java:1136)
	at java.base/java.util.concurrent.ThreadPoolExecutor$Worker.run(ThreadPoolExecutor.java:635)
	at java.base/java.lang.Thread.run(Thread.java:833)
... Removed 7 stack frames</pre></div><a href='#' onClick='toggleBox("stack-trace1110419235", this, "Click to show all stack frames", "Click to hide stack frames")'>Click to show all stack frames</a>
<div class='stack-trace' id='stack-trace1110419235'><pre>org.testng.TestNGException: 
Parameter &apos;browserName&apos; is required by BeforeClass on method BrowserOpen but has not been marked @Optional or defined
in C:\Users\Smart\eclipse-workspace\AutomationProjectSaucesDemo\testng1.xml
	at org.testng.internal.Parameters.createParams(Parameters.java:270)
	at org.testng.internal.Parameters.createParametersForMethod(Parameters.java:358)
	at org.testng.internal.Parameters.createParameters(Parameters.java:700)
	at org.testng.internal.Parameters.createConfigurationParameters(Parameters.java:168)
	at org.testng.internal.ConfigInvoker.invokeConfigurations(ConfigInvoker.java:302)
	at org.testng.internal.TestMethodWorker.invokeBeforeClassMethods(TestMethodWorker.java:176)
	at org.testng.internal.TestMethodWorker.run(TestMethodWorker.java:122)
	at java.base/java.util.concurrent.ThreadPoolExecutor.runWorker(ThreadPoolExecutor.java:1136)
	at java.base/java.util.concurrent.ThreadPoolExecutor$Worker.run(ThreadPoolExecutor.java:635)
	at java.base/java.lang.Thread.run(Thread.java:833)
</pre></div></td>
<td>-1651823483</td>
<td>comSauceDemoTestClasses.TC002LogoutFunctinality@61001b64</td></tr>
<tr>
<td title='comSauceDemoTestClasses.TCO05CheckoutFunctinality.BrowserOpen()'><b>BrowserOpen</b><br>Test class: comSauceDemoTestClasses.TCO05CheckoutFunctinality</td>
<td><div><pre>org.testng.TestNGException: 
Parameter &apos;browserName&apos; is required by BeforeClass on method BrowserOpen but has not been marked @Optional or defined
in C:\Users\Smart\eclipse-workspace\AutomationProjectSaucesDemo\testng1.xml
	at java.base/java.util.concurrent.ThreadPoolExecutor.runWorker(ThreadPoolExecutor.java:1136)
	at java.base/java.util.concurrent.ThreadPoolExecutor$Worker.run(ThreadPoolExecutor.java:635)
	at java.base/java.lang.Thread.run(Thread.java:833)
... Removed 7 stack frames</pre></div><a href='#' onClick='toggleBox("stack-trace1285020954", this, "Click to show all stack frames", "Click to hide stack frames")'>Click to show all stack frames</a>
<div class='stack-trace' id='stack-trace1285020954'><pre>org.testng.TestNGException: 
Parameter &apos;browserName&apos; is required by BeforeClass on method BrowserOpen but has not been marked @Optional or defined
in C:\Users\Smart\eclipse-workspace\AutomationProjectSaucesDemo\testng1.xml
	at org.testng.internal.Parameters.createParams(Parameters.java:270)
	at org.testng.internal.Parameters.createParametersForMethod(Parameters.java:358)
	at org.testng.internal.Parameters.createParameters(Parameters.java:700)
	at org.testng.internal.Parameters.createConfigurationParameters(Parameters.java:168)
	at org.testng.internal.ConfigInvoker.invokeConfigurations(ConfigInvoker.java:302)
	at org.testng.internal.TestMethodWorker.invokeBeforeClassMethods(TestMethodWorker.java:176)
	at org.testng.internal.TestMethodWorker.run(TestMethodWorker.java:122)
	at java.base/java.util.concurrent.ThreadPoolExecutor.runWorker(ThreadPoolExecutor.java:1136)
	at java.base/java.util.concurrent.ThreadPoolExecutor$Worker.run(ThreadPoolExecutor.java:635)
	at java.base/java.lang.Thread.run(Thread.java:833)
</pre></div></td>
<td>-1651823483</td>
<td>comSauceDemoTestClasses.TCO05CheckoutFunctinality@6253c26</td></tr>
</table><p>
<table width='100%' border='1' class='invocation-skipped'>
<tr><td colspan='4' align='center'><b>SKIPPED CONFIGURATIONS</b></td></tr>
<tr><td><b>Test method</b></td>
<td width="30%"><b>Exception</b></td>
<td width="10%"><b>Time (seconds)</b></td>
<td><b>Instance</b></td>
</tr>
<tr>
<td title='comSauceDemoTestClasses.TC002LogoutFunctinality.SetUpMethod()'><b>SetUpMethod</b><br>Test class: comSauceDemoTestClasses.TC002LogoutFunctinality</td>
<td></td>
<td>-1651823483</td>
<td>comSauceDemoTestClasses.TC002LogoutFunctinality@61001b64</td></tr>
<tr>
<td title='comSauceDemoTestClasses.TC004YourInformationFunctinality.tearDownMethod()'><b>tearDownMethod</b><br>Test class: comSauceDemoTestClasses.TC004YourInformationFunctinality</td>
<td></td>
<td>-1651823483</td>
<td>comSauceDemoTestClasses.TC004YourInformationFunctinality@4310d43</td></tr>
<tr>
<td title='comSauceDemoTestClasses.TCO05CheckoutFunctinality.tearDownMethod()'><b>tearDownMethod</b><br>Test class: comSauceDemoTestClasses.TCO05CheckoutFunctinality</td>
<td></td>
<td>-1651823483</td>
<td>comSauceDemoTestClasses.TCO05CheckoutFunctinality@6253c26</td></tr>
<tr>
<td title='comSauceDemoTestClasses.TC003AddToCartFuctinality.quit()'><b>quit</b><br>Test class: comSauceDemoTestClasses.TC003AddToCartFuctinality</td>
<td></td>
<td>-1651823483</td>
<td>comSauceDemoTestClasses.TC003AddToCartFuctinality@26e356f0</td></tr>
<tr>
<td title='comSauceDemoTestClasses.TC002LogoutFunctinality.tearDownMethod()'><b>tearDownMethod</b><br>Test class: comSauceDemoTestClasses.TC002LogoutFunctinality</td>
<td></td>
<td>-1651823483</td>
<td>comSauceDemoTestClasses.TC002LogoutFunctinality@61001b64</td></tr>
<tr>
<td title='comSauceDemoTestClasses.TC001LoginFunctionality.tearDownMethod()'><b>tearDownMethod</b><br>Test class: comSauceDemoTestClasses.TC001LoginFunctionality</td>
<td></td>
<td>-1651823483</td>
<td>comSauceDemoTestClasses.TC001LoginFunctionality@54a7079e</td></tr>
<tr>
<td title='comSauceDemoTestClasses.TCO05CheckoutFunctinality.SetUpMethod()'><b>SetUpMethod</b><br>Test class: comSauceDemoTestClasses.TCO05CheckoutFunctinality</td>
<td></td>
<td>-1651823483</td>
<td>comSauceDemoTestClasses.TCO05CheckoutFunctinality@6253c26</td></tr>
<tr>
<td title='comSauceDemoTestClasses.TC003AddToCartFuctinality.SetUpMethod()'><b>SetUpMethod</b><br>Test class: comSauceDemoTestClasses.TC003AddToCartFuctinality</td>
<td></td>
<td>-1651823483</td>
<td>comSauceDemoTestClasses.TC003AddToCartFuctinality@26e356f0</td></tr>
<tr>
<td title='comSauceDemoTestClasses.TC004YourInformationFunctinality.SetUpMethod()'><b>SetUpMethod</b><br>Test class: comSauceDemoTestClasses.TC004YourInformationFunctinality</td>
<td></td>
<td>-1651823483</td>
<td>comSauceDemoTestClasses.TC004YourInformationFunctinality@4310d43</td></tr>
<tr>
<td title='comSauceDemoTestClasses.TC003AddToCartFuctinality.tearDownMethod()'><b>tearDownMethod</b><br>Test class: comSauceDemoTestClasses.TC003AddToCartFuctinality</td>
<td></td>
<td>-1651823483</td>
<td>comSauceDemoTestClasses.TC003AddToCartFuctinality@26e356f0</td></tr>
<tr>
<td title='comSauceDemoTestClasses.TC004YourInformationFunctinality.quit()'><b>quit</b><br>Test class: comSauceDemoTestClasses.TC004YourInformationFunctinality</td>
<td></td>
<td>-1651823483</td>
<td>comSauceDemoTestClasses.TC004YourInformationFunctinality@4310d43</td></tr>
<tr>
<td title='comSauceDemoTestClasses.TC002LogoutFunctinality.quit()'><b>quit</b><br>Test class: comSauceDemoTestClasses.TC002LogoutFunctinality</td>
<td></td>
<td>-1651823483</td>
<td>comSauceDemoTestClasses.TC002LogoutFunctinality@61001b64</td></tr>
<tr>
<td title='comSauceDemoTestClasses.TC001LoginFunctionality.quit()'><b>quit</b><br>Test class: comSauceDemoTestClasses.TC001LoginFunctionality</td>
<td></td>
<td>-1651823483</td>
<td>comSauceDemoTestClasses.TC001LoginFunctionality@54a7079e</td></tr>
<tr>
<td title='comSauceDemoTestClasses.TCO05CheckoutFunctinality.quit()'><b>quit</b><br>Test class: comSauceDemoTestClasses.TCO05CheckoutFunctinality</td>
<td></td>
<td>-1651823483</td>
<td>comSauceDemoTestClasses.TCO05CheckoutFunctinality@6253c26</td></tr>
<tr>
<td title='comSauceDemoTestClasses.TC001LoginFunctionality.SetUpMethod()'><b>SetUpMethod</b><br>Test class: comSauceDemoTestClasses.TC001LoginFunctionality</td>
<td></td>
<td>-1651823483</td>
<td>comSauceDemoTestClasses.TC001LoginFunctionality@54a7079e</td></tr>
</table><p>
<table width='100%' border='1' class='invocation-skipped'>
<tr><td colspan='4' align='center'><b>SKIPPED TESTS</b></td></tr>
<tr><td><b>Test method</b></td>
<td width="30%"><b>Exception</b></td>
<td width="10%"><b>Time (seconds)</b></td>
<td><b>Instance</b></td>
</tr>
<tr>
<td title='comSauceDemoTestClasses.TC002LogoutFunctinality.homepagelogout()'><b>homepagelogout</b><br>Test class: comSauceDemoTestClasses.TC002LogoutFunctinality</td>
<td><div><pre>org.testng.TestNGException: 
Parameter &apos;browserName&apos; is required by BeforeClass on method BrowserOpen but has not been marked @Optional or defined
in C:\Users\Smart\eclipse-workspace\AutomationProjectSaucesDemo\testng1.xml
	at java.base/java.util.concurrent.ThreadPoolExecutor.runWorker(ThreadPoolExecutor.java:1136)
	at java.base/java.util.concurrent.ThreadPoolExecutor$Worker.run(ThreadPoolExecutor.java:635)
	at java.base/java.lang.Thread.run(Thread.java:833)
... Removed 7 stack frames</pre></div><a href='#' onClick='toggleBox("stack-trace1276994829", this, "Click to show all stack frames", "Click to hide stack frames")'>Click to show all stack frames</a>
<div class='stack-trace' id='stack-trace1276994829'><pre>org.testng.TestNGException: 
Parameter &apos;browserName&apos; is required by BeforeClass on method BrowserOpen but has not been marked @Optional or defined
in C:\Users\Smart\eclipse-workspace\AutomationProjectSaucesDemo\testng1.xml
	at org.testng.internal.Parameters.createParams(Parameters.java:270)
	at org.testng.internal.Parameters.createParametersForMethod(Parameters.java:358)
	at org.testng.internal.Parameters.createParameters(Parameters.java:700)
	at org.testng.internal.Parameters.createConfigurationParameters(Parameters.java:168)
	at org.testng.internal.ConfigInvoker.invokeConfigurations(ConfigInvoker.java:302)
	at org.testng.internal.TestMethodWorker.invokeBeforeClassMethods(TestMethodWorker.java:176)
	at org.testng.internal.TestMethodWorker.run(TestMethodWorker.java:122)
	at java.base/java.util.concurrent.ThreadPoolExecutor.runWorker(ThreadPoolExecutor.java:1136)
	at java.base/java.util.concurrent.ThreadPoolExecutor$Worker.run(ThreadPoolExecutor.java:635)
	at java.base/java.lang.Thread.run(Thread.java:833)
</pre></div></td>
<td>0</td>
<td>comSauceDemoTestClasses.TC002LogoutFunctinality@61001b64</td></tr>
<tr>
<td title='comSauceDemoTestClasses.TC003AddToCartFuctinality.Addtocart()'><b>Addtocart</b><br>Test class: comSauceDemoTestClasses.TC003AddToCartFuctinality</td>
<td><div><pre>org.testng.TestNGException: 
Parameter &apos;browserName&apos; is required by BeforeClass on method BrowserOpen but has not been marked @Optional or defined
in C:\Users\Smart\eclipse-workspace\AutomationProjectSaucesDemo\testng1.xml
	at java.base/java.util.concurrent.ThreadPoolExecutor.runWorker(ThreadPoolExecutor.java:1136)
	at java.base/java.util.concurrent.ThreadPoolExecutor$Worker.run(ThreadPoolExecutor.java:635)
	at java.base/java.lang.Thread.run(Thread.java:833)
... Removed 7 stack frames</pre></div><a href='#' onClick='toggleBox("stack-trace282026766", this, "Click to show all stack frames", "Click to hide stack frames")'>Click to show all stack frames</a>
<div class='stack-trace' id='stack-trace282026766'><pre>org.testng.TestNGException: 
Parameter &apos;browserName&apos; is required by BeforeClass on method BrowserOpen but has not been marked @Optional or defined
in C:\Users\Smart\eclipse-workspace\AutomationProjectSaucesDemo\testng1.xml
	at org.testng.internal.Parameters.createParams(Parameters.java:270)
	at org.testng.internal.Parameters.createParametersForMethod(Parameters.java:358)
	at org.testng.internal.Parameters.createParameters(Parameters.java:700)
	at org.testng.internal.Parameters.createConfigurationParameters(Parameters.java:168)
	at org.testng.internal.ConfigInvoker.invokeConfigurations(ConfigInvoker.java:302)
	at org.testng.internal.TestMethodWorker.invokeBeforeClassMethods(TestMethodWorker.java:176)
	at org.testng.internal.TestMethodWorker.run(TestMethodWorker.java:122)
	at java.base/java.util.concurrent.ThreadPoolExecutor.runWorker(ThreadPoolExecutor.java:1136)
	at java.base/java.util.concurrent.ThreadPoolExecutor$Worker.run(ThreadPoolExecutor.java:635)
	at java.base/java.lang.Thread.run(Thread.java:833)
</pre></div></td>
<td>0</td>
<td>comSauceDemoTestClasses.TC003AddToCartFuctinality@26e356f0</td></tr>
<tr>
<td title='comSauceDemoTestClasses.TC004YourInformationFunctinality.information()'><b>information</b><br>Test class: comSauceDemoTestClasses.TC004YourInformationFunctinality</td>
<td><div><pre>org.testng.TestNGException: 
Parameter &apos;browserName&apos; is required by BeforeClass on method BrowserOpen but has not been marked @Optional or defined
in C:\Users\Smart\eclipse-workspace\AutomationProjectSaucesDemo\testng1.xml
	at java.base/java.util.concurrent.ThreadPoolExecutor.runWorker(ThreadPoolExecutor.java:1136)
	at java.base/java.util.concurrent.ThreadPoolExecutor$Worker.run(ThreadPoolExecutor.java:635)
	at java.base/java.lang.Thread.run(Thread.java:833)
... Removed 7 stack frames</pre></div><a href='#' onClick='toggleBox("stack-trace1820655110", this, "Click to show all stack frames", "Click to hide stack frames")'>Click to show all stack frames</a>
<div class='stack-trace' id='stack-trace1820655110'><pre>org.testng.TestNGException: 
Parameter &apos;browserName&apos; is required by BeforeClass on method BrowserOpen but has not been marked @Optional or defined
in C:\Users\Smart\eclipse-workspace\AutomationProjectSaucesDemo\testng1.xml
	at org.testng.internal.Parameters.createParams(Parameters.java:270)
	at org.testng.internal.Parameters.createParametersForMethod(Parameters.java:358)
	at org.testng.internal.Parameters.createParameters(Parameters.java:700)
	at org.testng.internal.Parameters.createConfigurationParameters(Parameters.java:168)
	at org.testng.internal.ConfigInvoker.invokeConfigurations(ConfigInvoker.java:302)
	at org.testng.internal.TestMethodWorker.invokeBeforeClassMethods(TestMethodWorker.java:176)
	at org.testng.internal.TestMethodWorker.run(TestMethodWorker.java:122)
	at java.base/java.util.concurrent.ThreadPoolExecutor.runWorker(ThreadPoolExecutor.java:1136)
	at java.base/java.util.concurrent.ThreadPoolExecutor$Worker.run(ThreadPoolExecutor.java:635)
	at java.base/java.lang.Thread.run(Thread.java:833)
</pre></div></td>
<td>0</td>
<td>comSauceDemoTestClasses.TC004YourInformationFunctinality@4310d43</td></tr>
<tr>
<td title='comSauceDemoTestClasses.TCO05CheckoutFunctinality.checkout()'><b>checkout</b><br>Test class: comSauceDemoTestClasses.TCO05CheckoutFunctinality</td>
<td><div><pre>org.testng.TestNGException: 
Parameter &apos;browserName&apos; is required by BeforeClass on method BrowserOpen but has not been marked @Optional or defined
in C:\Users\Smart\eclipse-workspace\AutomationProjectSaucesDemo\testng1.xml
	at java.base/java.util.concurrent.ThreadPoolExecutor.runWorker(ThreadPoolExecutor.java:1136)
	at java.base/java.util.concurrent.ThreadPoolExecutor$Worker.run(ThreadPoolExecutor.java:635)
	at java.base/java.lang.Thread.run(Thread.java:833)
... Removed 7 stack frames</pre></div><a href='#' onClick='toggleBox("stack-trace564734400", this, "Click to show all stack frames", "Click to hide stack frames")'>Click to show all stack frames</a>
<div class='stack-trace' id='stack-trace564734400'><pre>org.testng.TestNGException: 
Parameter &apos;browserName&apos; is required by BeforeClass on method BrowserOpen but has not been marked @Optional or defined
in C:\Users\Smart\eclipse-workspace\AutomationProjectSaucesDemo\testng1.xml
	at org.testng.internal.Parameters.createParams(Parameters.java:270)
	at org.testng.internal.Parameters.createParametersForMethod(Parameters.java:358)
	at org.testng.internal.Parameters.createParameters(Parameters.java:700)
	at org.testng.internal.Parameters.createConfigurationParameters(Parameters.java:168)
	at org.testng.internal.ConfigInvoker.invokeConfigurations(ConfigInvoker.java:302)
	at org.testng.internal.TestMethodWorker.invokeBeforeClassMethods(TestMethodWorker.java:176)
	at org.testng.internal.TestMethodWorker.run(TestMethodWorker.java:122)
	at java.base/java.util.concurrent.ThreadPoolExecutor.runWorker(ThreadPoolExecutor.java:1136)
	at java.base/java.util.concurrent.ThreadPoolExecutor$Worker.run(ThreadPoolExecutor.java:635)
	at java.base/java.lang.Thread.run(Thread.java:833)
</pre></div></td>
<td>0</td>
<td>comSauceDemoTestClasses.TCO05CheckoutFunctinality@6253c26</td></tr>
<tr>
<td title='comSauceDemoTestClasses.TC001LoginFunctionality.Verifylogin()'><b>Verifylogin</b><br>Test class: comSauceDemoTestClasses.TC001LoginFunctionality</td>
<td><div><pre>org.testng.TestNGException: 
Parameter &apos;browserName&apos; is required by BeforeClass on method BrowserOpen but has not been marked @Optional or defined
in C:\Users\Smart\eclipse-workspace\AutomationProjectSaucesDemo\testng1.xml
	at java.base/java.util.concurrent.ThreadPoolExecutor.runWorker(ThreadPoolExecutor.java:1136)
	at java.base/java.util.concurrent.ThreadPoolExecutor$Worker.run(ThreadPoolExecutor.java:635)
	at java.base/java.lang.Thread.run(Thread.java:833)
... Removed 7 stack frames</pre></div><a href='#' onClick='toggleBox("stack-trace1526926252", this, "Click to show all stack frames", "Click to hide stack frames")'>Click to show all stack frames</a>
<div class='stack-trace' id='stack-trace1526926252'><pre>org.testng.TestNGException: 
Parameter &apos;browserName&apos; is required by BeforeClass on method BrowserOpen but has not been marked @Optional or defined
in C:\Users\Smart\eclipse-workspace\AutomationProjectSaucesDemo\testng1.xml
	at org.testng.internal.Parameters.createParams(Parameters.java:270)
	at org.testng.internal.Parameters.createParametersForMethod(Parameters.java:358)
	at org.testng.internal.Parameters.createParameters(Parameters.java:700)
	at org.testng.internal.Parameters.createConfigurationParameters(Parameters.java:168)
	at org.testng.internal.ConfigInvoker.invokeConfigurations(ConfigInvoker.java:302)
	at org.testng.internal.TestMethodWorker.invokeBeforeClassMethods(TestMethodWorker.java:176)
	at org.testng.internal.TestMethodWorker.run(TestMethodWorker.java:122)
	at java.base/java.util.concurrent.ThreadPoolExecutor.runWorker(ThreadPoolExecutor.java:1136)
	at java.base/java.util.concurrent.ThreadPoolExecutor$Worker.run(ThreadPoolExecutor.java:635)
	at java.base/java.lang.Thread.run(Thread.java:833)
</pre></div></td>
<td>0</td>
<td>comSauceDemoTestClasses.TC001LoginFunctionality@54a7079e</td></tr>
</table><p>
</body>
</html>