<?xml version="1.0" encoding="UTF-8"?>
<!-- Generated by org.testng.reporters.JUnitXMLReporter -->
<testsuite ignored="0" hostname="DESKTOP-7I4U2KQ" failures="0" tests="5" name="Test" time="0.202" errors="0" timestamp="2022-05-06T13:21:24 IST">
  <testcase classname="comSauceDemoTestClasses.SauceDemoBaseClass" name="@BeforeClass BrowserOpen" time="-1.651823483832E9">
    <failure type="org.testng.TestNGException" message="
Parameter &amp;apos;browserName&amp;apos; is required by BeforeClass on method BrowserOpen but has not been marked @Optional or defined
in C:\Users\Smart\eclipse-workspace\AutomationProjectSaucesDemo\testng1.xml">
      <![CDATA[org.testng.TestNGException: 
Parameter 'browserName' is required by BeforeClass on method BrowserOpen but has not been marked @Optional or defined
in C:\Users\Smart\eclipse-workspace\AutomationProjectSaucesDemo\testng1.xml
at java.base/java.util.concurrent.ThreadPoolExecutor.runWorker(ThreadPoolExecutor.java:1136)
at java.base/java.util.concurrent.ThreadPoolExecutor$Worker.run(ThreadPoolExecutor.java:635)
at java.base/java.lang.Thread.run(Thread.java:833)
... Removed 7 stack frames]]>
    </failure>
  </testcase> <!-- @BeforeClass BrowserOpen -->
  <testcase classname="comSauceDemoTestClasses.SauceDemoBaseClass" name="@BeforeClass BrowserOpen" time="-1.651823483832E9">
    <failure type="org.testng.TestNGException" message="
Parameter &amp;apos;browserName&amp;apos; is required by BeforeClass on method BrowserOpen but has not been marked @Optional or defined
in C:\Users\Smart\eclipse-workspace\AutomationProjectSaucesDemo\testng1.xml">
      <![CDATA[org.testng.TestNGException: 
Parameter 'browserName' is required by BeforeClass on method BrowserOpen but has not been marked @Optional or defined
in C:\Users\Smart\eclipse-workspace\AutomationProjectSaucesDemo\testng1.xml
at java.base/java.util.concurrent.ThreadPoolExecutor.runWorker(ThreadPoolExecutor.java:1136)
at java.base/java.util.concurrent.ThreadPoolExecutor$Worker.run(ThreadPoolExecutor.java:635)
at java.base/java.lang.Thread.run(Thread.java:833)
... Removed 7 stack frames]]>
    </failure>
  </testcase> <!-- @BeforeClass BrowserOpen -->
  <testcase classname="comSauceDemoTestClasses.SauceDemoBaseClass" name="@BeforeClass BrowserOpen" time="-1.651823483832E9">
    <failure type="org.testng.TestNGException" message="
Parameter &amp;apos;browserName&amp;apos; is required by BeforeClass on method BrowserOpen but has not been marked @Optional or defined
in C:\Users\Smart\eclipse-workspace\AutomationProjectSaucesDemo\testng1.xml">
      <![CDATA[org.testng.TestNGException: 
Parameter 'browserName' is required by BeforeClass on method BrowserOpen but has not been marked @Optional or defined
in C:\Users\Smart\eclipse-workspace\AutomationProjectSaucesDemo\testng1.xml
at java.base/java.util.concurrent.ThreadPoolExecutor.runWorker(ThreadPoolExecutor.java:1136)
at java.base/java.util.concurrent.ThreadPoolExecutor$Worker.run(ThreadPoolExecutor.java:635)
at java.base/java.lang.Thread.run(Thread.java:833)
... Removed 7 stack frames]]>
    </failure>
  </testcase> <!-- @BeforeClass BrowserOpen -->
  <testcase classname="comSauceDemoTestClasses.SauceDemoBaseClass" name="@BeforeClass BrowserOpen" time="-1.651823483832E9">
    <failure type="org.testng.TestNGException" message="
Parameter &amp;apos;browserName&amp;apos; is required by BeforeClass on method BrowserOpen but has not been marked @Optional or defined
in C:\Users\Smart\eclipse-workspace\AutomationProjectSaucesDemo\testng1.xml">
      <![CDATA[org.testng.TestNGException: 
Parameter 'browserName' is required by BeforeClass on method BrowserOpen but has not been marked @Optional or defined
in C:\Users\Smart\eclipse-workspace\AutomationProjectSaucesDemo\testng1.xml
at java.base/java.util.concurrent.ThreadPoolExecutor.runWorker(ThreadPoolExecutor.java:1136)
at java.base/java.util.concurrent.ThreadPoolExecutor$Worker.run(ThreadPoolExecutor.java:635)
at java.base/java.lang.Thread.run(Thread.java:833)
... Removed 7 stack frames]]>
    </failure>
  </testcase> <!-- @BeforeClass BrowserOpen -->
  <testcase classname="comSauceDemoTestClasses.SauceDemoBaseClass" name="@BeforeMethod SetUpMethod" time="-1.651823483904E9">
    <skipped/>
  </testcase> <!-- @BeforeMethod SetUpMethod -->
  <testcase classname="comSauceDemoTestClasses.SauceDemoBaseClass" name="@BeforeMethod SetUpMethod" time="-1.65182348391E9">
    <skipped/>
  </testcase> <!-- @BeforeMethod SetUpMethod -->
  <testcase classname="comSauceDemoTestClasses.SauceDemoBaseClass" name="@BeforeMethod SetUpMethod" time="-1.65182348391E9">
    <skipped/>
  </testcase> <!-- @BeforeMethod SetUpMethod -->
  <testcase classname="comSauceDemoTestClasses.SauceDemoBaseClass" name="@BeforeMethod SetUpMethod" time="-1.651823483922E9">
    <skipped/>
  </testcase> <!-- @BeforeMethod SetUpMethod -->
  <testcase classname="comSauceDemoTestClasses.SauceDemoBaseClass" name="@AfterMethod tearDownMethod" time="-1.651823483946E9">
    <skipped/>
  </testcase> <!-- @AfterMethod tearDownMethod -->
  <testcase classname="comSauceDemoTestClasses.SauceDemoBaseClass" name="@AfterMethod tearDownMethod" time="-1.651823483951E9">
    <skipped/>
  </testcase> <!-- @AfterMethod tearDownMethod -->
  <testcase classname="comSauceDemoTestClasses.SauceDemoBaseClass" name="@AfterClass quit" time="-1.651823483954E9">
    <skipped/>
  </testcase> <!-- @AfterClass quit -->
  <testcase classname="comSauceDemoTestClasses.SauceDemoBaseClass" name="@AfterClass quit" time="-1.651823483951E9">
    <skipped/>
  </testcase> <!-- @AfterClass quit -->
  <testcase classname="comSauceDemoTestClasses.SauceDemoBaseClass" name="@AfterMethod tearDownMethod" time="-1.651823483948E9">
    <skipped/>
  </testcase> <!-- @AfterMethod tearDownMethod -->
  <testcase classname="comSauceDemoTestClasses.SauceDemoBaseClass" name="@BeforeClass BrowserOpen" time="-1.651823483956E9">
    <failure type="org.testng.TestNGException" message="
Parameter &amp;apos;browserName&amp;apos; is required by BeforeClass on method BrowserOpen but has not been marked @Optional or defined
in C:\Users\Smart\eclipse-workspace\AutomationProjectSaucesDemo\testng1.xml">
      <![CDATA[org.testng.TestNGException: 
Parameter 'browserName' is required by BeforeClass on method BrowserOpen but has not been marked @Optional or defined
in C:\Users\Smart\eclipse-workspace\AutomationProjectSaucesDemo\testng1.xml
at java.base/java.util.concurrent.ThreadPoolExecutor.runWorker(ThreadPoolExecutor.java:1136)
at java.base/java.util.concurrent.ThreadPoolExecutor$Worker.run(ThreadPoolExecutor.java:635)
at java.base/java.lang.Thread.run(Thread.java:833)
... Removed 7 stack frames]]>
    </failure>
  </testcase> <!-- @BeforeClass BrowserOpen -->
  <testcase classname="comSauceDemoTestClasses.SauceDemoBaseClass" name="@AfterMethod tearDownMethod" time="-1.651823483953E9">
    <skipped/>
  </testcase> <!-- @AfterMethod tearDownMethod -->
  <testcase classname="comSauceDemoTestClasses.SauceDemoBaseClass" name="@BeforeMethod SetUpMethod" time="-1.651823483962E9">
    <skipped/>
  </testcase> <!-- @BeforeMethod SetUpMethod -->
  <testcase classname="comSauceDemoTestClasses.SauceDemoBaseClass" name="@AfterClass quit" time="-1.65182348396E9">
    <skipped/>
  </testcase> <!-- @AfterClass quit -->
  <testcase classname="comSauceDemoTestClasses.SauceDemoBaseClass" name="@AfterClass quit" time="-1.651823483963E9">
    <skipped/>
  </testcase> <!-- @AfterClass quit -->
  <testcase classname="comSauceDemoTestClasses.SauceDemoBaseClass" name="@AfterMethod tearDownMethod" time="-1.651823483976E9">
    <skipped/>
  </testcase> <!-- @AfterMethod tearDownMethod -->
  <testcase classname="comSauceDemoTestClasses.SauceDemoBaseClass" name="@AfterClass quit" time="-1.651823483978E9">
    <skipped/>
  </testcase> <!-- @AfterClass quit -->
  <testcase classname="comSauceDemoTestClasses.TC004YourInformationFunctinality" name="information" time="0.0">
    <skipped/>
  </testcase> <!-- information -->
  <testcase classname="comSauceDemoTestClasses.TC003AddToCartFuctinality" name="Addtocart" time="0.0">
    <skipped/>
  </testcase> <!-- Addtocart -->
  <testcase classname="comSauceDemoTestClasses.TC002LogoutFunctinality" name="homepagelogout" time="0.0">
    <skipped/>
  </testcase> <!-- homepagelogout -->
  <testcase classname="comSauceDemoTestClasses.TC001LoginFunctionality" name="Verifylogin" time="0.0">
    <skipped/>
  </testcase> <!-- Verifylogin -->
  <testcase classname="comSauceDemoTestClasses.TCO05CheckoutFunctinality" name="checkout" time="0.0">
    <skipped/>
  </testcase> <!-- checkout -->
</testsuite> <!-- Test -->
