<?xml version="1.0" encoding="UTF-8"?>
<!-- Generated by org.testng.reporters.JUnitReportReporter -->
<testsuite hostname="DESKTOP-7I4U2KQ" failures="0" tests="2" name="comSauceDemoTestClasses.TC002LogoutFunctinality" time="-1651823488.000" errors="1" timestamp="2022-05-06T13:21:24 IST" skipped="1">
  <testcase classname="comSauceDemoTestClasses.TC002LogoutFunctinality" name="BrowserOpen" time="-1651823488.000">
    <error message="
Parameter &#039;browserName&#039; is required by BeforeClass on method BrowserOpen but has not been marked @Optional or defined
in C:\Users\Smart\eclipse-workspace\AutomationProjectSaucesDemo\testng1.xml" type="org.testng.TestNGException">
      <![CDATA[org.testng.TestNGException: 
Parameter 'browserName' is required by BeforeClass on method BrowserOpen but has not been marked @Optional or defined
in C:\Users\Smart\eclipse-workspace\AutomationProjectSaucesDemo\testng1.xml
at org.testng.internal.Parameters.createParams(Parameters.java:270)
at org.testng.internal.Parameters.createParametersForMethod(Parameters.java:358)
at org.testng.internal.Parameters.createParameters(Parameters.java:700)
at org.testng.internal.Parameters.createConfigurationParameters(Parameters.java:168)
at org.testng.internal.ConfigInvoker.invokeConfigurations(ConfigInvoker.java:302)
at org.testng.internal.TestMethodWorker.invokeBeforeClassMethods(TestMethodWorker.java:176)
at org.testng.internal.TestMethodWorker.run(TestMethodWorker.java:122)
at java.base/java.util.concurrent.ThreadPoolExecutor.runWorker(ThreadPoolExecutor.java:1136)
at java.base/java.util.concurrent.ThreadPoolExecutor$Worker.run(ThreadPoolExecutor.java:635)
at java.base/java.lang.Thread.run(Thread.java:833)
]]>
    </error>
  </testcase> <!-- BrowserOpen -->
  <system-out/>
  <testcase classname="comSauceDemoTestClasses.TC002LogoutFunctinality" name="homepagelogout" time="0.000">
    <skipped/>
  </testcase> <!-- homepagelogout -->
  <system-out/>
</testsuite> <!-- comSauceDemoTestClasses.TC002LogoutFunctinality -->
